info: App is running on5500, Fri Sep 09 2022 18:54:54 GMT+0300 (Eastern European Summer Time)
info: App is running on5500, Fri Sep 09 2022 18:55:04 GMT+0300 (Eastern European Summer Time)
info: App is running on5500, Fri Sep 09 2022 18:55:06 GMT+0300 (Eastern European Summer Time)
warn: Connected to Mongo DB, Fri Sep 09 2022 18:55:06 GMT+0300 (Eastern European Summer Time)
warn: Connected to Mongo DB, Fri Sep 09 2022 18:58:10 GMT+0300 (Eastern European Summer Time)
warn: Connected to Mongo DB, Fri Sep 09 2022 18:58:18 GMT+0300 (Eastern European Summer Time)
info: App is running on 5500, Fri Sep 09 2022 18:58:20 GMT+0300 (Eastern European Summer Time)
warn: Connected to Mongo DB, Fri Sep 09 2022 18:58:20 GMT+0300 (Eastern European Summer Time)
info: error, Fri Sep 09 2022 18:58:20 GMT+0300 (Eastern European Summer Time)
info: error, Fri Sep 09 2022 18:58:20 GMT+0300 (Eastern European Summer Time)
info: error, Fri Sep 09 2022 18:58:20 GMT+0300 (Eastern European Summer Time)
info: error, Fri Sep 09 2022 18:58:20 GMT+0300 (Eastern European Summer Time)
info: error, Fri Sep 09 2022 18:58:20 GMT+0300 (Eastern European Summer Time)
info: error, Fri Sep 09 2022 18:58:20 GMT+0300 (Eastern European Summer Time)
info: error, Fri Sep 09 2022 18:58:20 GMT+0300 (Eastern European Summer Time)
info: error, Fri Sep 09 2022 18:58:20 GMT+0300 (Eastern European Summer Time)
info: error, Fri Sep 09 2022 18:58:20 GMT+0300 (Eastern European Summer Time)
info: error, Fri Sep 09 2022 18:58:20 GMT+0300 (Eastern European Summer Time)
info: error, Fri Sep 09 2022 18:58:20 GMT+0300 (Eastern European Summer Time)
info: App is running on 5500, Fri Sep 09 2022 23:25:48 GMT+0300 (Eastern European Summer Time)
warn: Connected to Mongo DB, Fri Sep 09 2022 23:25:48 GMT+0300 (Eastern European Summer Time)
info: error, Fri Sep 09 2022 23:25:48 GMT+0300 (Eastern European Summer Time)
info: error, Fri Sep 09 2022 23:25:48 GMT+0300 (Eastern European Summer Time)
info: error, Fri Sep 09 2022 23:25:48 GMT+0300 (Eastern European Summer Time)
info: error, Fri Sep 09 2022 23:25:48 GMT+0300 (Eastern European Summer Time)
info: error, Fri Sep 09 2022 23:25:48 GMT+0300 (Eastern European Summer Time)
info: error, Fri Sep 09 2022 23:25:48 GMT+0300 (Eastern European Summer Time)
info: error, Fri Sep 09 2022 23:25:48 GMT+0300 (Eastern European Summer Time)
info: error, Fri Sep 09 2022 23:25:48 GMT+0300 (Eastern European Summer Time)
info: error, Fri Sep 09 2022 23:25:48 GMT+0300 (Eastern European Summer Time)
info: error, Fri Sep 09 2022 23:25:48 GMT+0300 (Eastern European Summer Time)
info: error, Fri Sep 09 2022 23:25:48 GMT+0300 (Eastern European Summer Time)
info: error, Fri Sep 09 2022 23:25:48 GMT+0300 (Eastern European Summer Time)
info: App is running on 5500, Sat Sep 10 2022 14:51:15 GMT+0300 (Eastern European Summer Time)
warn: Connected to Mongo DB, Sat Sep 10 2022 14:51:15 GMT+0300 (Eastern European Summer Time)
info: App is running on 5500, Sun Sep 18 2022 01:44:36 GMT+0300 (Eastern European Summer Time)
warn: Connected to Mongo DB, Sun Sep 18 2022 01:44:36 GMT+0300 (Eastern European Summer Time)
info: error, Sun Sep 18 2022 01:44:36 GMT+0300 (Eastern European Summer Time)
info: error, Sun Sep 18 2022 01:44:36 GMT+0300 (Eastern European Summer Time)
info: error, Sun Sep 18 2022 01:44:36 GMT+0300 (Eastern European Summer Time)
info: error, Sun Sep 18 2022 01:44:36 GMT+0300 (Eastern European Summer Time)
info: error, Sun Sep 18 2022 01:44:36 GMT+0300 (Eastern European Summer Time)
info: error, Sun Sep 18 2022 01:44:36 GMT+0300 (Eastern European Summer Time)
info: error, Sun Sep 18 2022 01:44:36 GMT+0300 (Eastern European Summer Time)
info: error, Sun Sep 18 2022 01:44:36 GMT+0300 (Eastern European Summer Time)
info: error, Sun Sep 18 2022 01:44:36 GMT+0300 (Eastern European Summer Time)
info: error, Sun Sep 18 2022 01:44:36 GMT+0300 (Eastern European Summer Time)
info: error, Sun Sep 18 2022 01:44:36 GMT+0300 (Eastern European Summer Time)
info: error, Sun Sep 18 2022 01:44:36 GMT+0300 (Eastern European Summer Time)
info: error, Sun Sep 18 2022 01:44:36 GMT+0300 (Eastern European Summer Time)
info: error, Sun Sep 18 2022 01:44:36 GMT+0300 (Eastern European Summer Time)
info: error, Sun Sep 18 2022 01:44:36 GMT+0300 (Eastern European Summer Time)
info: error, Sun Sep 18 2022 01:44:36 GMT+0300 (Eastern European Summer Time)
info: error, Sun Sep 18 2022 01:44:36 GMT+0300 (Eastern European Summer Time)
info: error, Sun Sep 18 2022 01:44:36 GMT+0300 (Eastern European Summer Time)
info: error, Sun Sep 18 2022 01:44:36 GMT+0300 (Eastern European Summer Time)
info: error, Sun Sep 18 2022 01:44:36 GMT+0300 (Eastern European Summer Time)
info: error, Sun Sep 18 2022 01:44:36 GMT+0300 (Eastern European Summer Time)
info: error, Sun Sep 18 2022 01:44:36 GMT+0300 (Eastern European Summer Time)
info: Picking start, end dates. From: 1663457741 to: 1663457741, Sun Sep 18 2022 01:44:36 GMT+0300 (Eastern European Summer Time)
info: error, Sun Sep 18 2022 01:44:36 GMT+0300 (Eastern European Summer Time)
info: error, Sun Sep 18 2022 01:44:36 GMT+0300 (Eastern European Summer Time)
info: Picking start, end dates. From: 1663457947 to: 1663457947, Sun Sep 18 2022 01:44:36 GMT+0300 (Eastern European Summer Time)
info: error, Sun Sep 18 2022 01:44:36 GMT+0300 (Eastern European Summer Time)
info: Picking start, end dates. From: 1663457979 to: 1663457979, Sun Sep 18 2022 01:44:36 GMT+0300 (Eastern European Summer Time)
info: error, Sun Sep 18 2022 01:44:36 GMT+0300 (Eastern European Summer Time)
info: error, Sun Sep 18 2022 01:44:36 GMT+0300 (Eastern European Summer Time)
info: error, Sun Sep 18 2022 01:44:36 GMT+0300 (Eastern European Summer Time)
info: error, Sun Sep 18 2022 01:44:36 GMT+0300 (Eastern European Summer Time)
info: error, Sun Sep 18 2022 01:44:36 GMT+0300 (Eastern European Summer Time)
info: error, Sun Sep 18 2022 01:44:36 GMT+0300 (Eastern European Summer Time)
info: error, Sun Sep 18 2022 01:44:36 GMT+0300 (Eastern European Summer Time)
warn: , Sun Sep 18 2022 01:44:36 GMT+0300 (Eastern European Summer Time)
info: Picking start, end dates. From: 1663459439 to: 1663459439, Sun Sep 18 2022 01:44:36 GMT+0300 (Eastern European Summer Time)
info: error, Sun Sep 18 2022 01:44:36 GMT+0300 (Eastern European Summer Time)
warn: Object is empty for choosen data, Sun Sep 18 2022 01:44:36 GMT+0300 (Eastern European Summer Time)
info: Picking start, end dates. From: 1663459591 to: 1663459591, Sun Sep 18 2022 01:44:36 GMT+0300 (Eastern European Summer Time)
info: error, Sun Sep 18 2022 01:44:36 GMT+0300 (Eastern European Summer Time)
warn: Object is empty for choosen data, Sun Sep 18 2022 01:44:36 GMT+0300 (Eastern European Summer Time)
info: Picking start, end dates. From: 1663459703 to: 1663459703, Sun Sep 18 2022 01:44:36 GMT+0300 (Eastern European Summer Time)
info: error, Sun Sep 18 2022 01:44:36 GMT+0300 (Eastern European Summer Time)
info: Picking start, end dates. From: 1663459784 to: 1663459784, Sun Sep 18 2022 01:44:36 GMT+0300 (Eastern European Summer Time)
info: Picking start, end dates. From: 1663362000 to: 1663448400, Sun Sep 18 2022 01:44:36 GMT+0300 (Eastern European Summer Time)
info: Picking start, end dates. From: 1663189200 to: 1663448400, Sun Sep 18 2022 01:44:36 GMT+0300 (Eastern European Summer Time)
info: error, Sun Sep 18 2022 01:44:36 GMT+0300 (Eastern European Summer Time)
warn: Object is empty for choosen data, Sun Sep 18 2022 01:44:36 GMT+0300 (Eastern European Summer Time)
info: Picking start, end dates. From: 1663459872 to: 1663459872, Sun Sep 18 2022 01:44:36 GMT+0300 (Eastern European Summer Time)
info: Picking start, end dates. From: 1663362000 to: 1663448400, Sun Sep 18 2022 01:44:36 GMT+0300 (Eastern European Summer Time)
info: Picking start, end dates. From: 1663459938 to: 1663459938, Sun Sep 18 2022 01:44:36 GMT+0300 (Eastern European Summer Time)
info: error, Sun Sep 18 2022 01:44:36 GMT+0300 (Eastern European Summer Time)
warn: Object is empty for choosen data, Sun Sep 18 2022 01:44:36 GMT+0300 (Eastern European Summer Time)
info: error, Sun Sep 18 2022 01:44:36 GMT+0300 (Eastern European Summer Time)
warn: Object is empty for choosen data, Sun Sep 18 2022 01:44:36 GMT+0300 (Eastern European Summer Time)
info: error, Sun Sep 18 2022 01:44:36 GMT+0300 (Eastern European Summer Time)
warn: Object is empty for choosen data, Sun Sep 18 2022 01:44:36 GMT+0300 (Eastern European Summer Time)
info: Picking start, end dates. From: 1663460217 to: 1663460217, Sun Sep 18 2022 01:44:36 GMT+0300 (Eastern European Summer Time)
info: error, Sun Sep 18 2022 01:44:36 GMT+0300 (Eastern European Summer Time)
warn: Object is empty for choosen data, Sun Sep 18 2022 01:44:36 GMT+0300 (Eastern European Summer Time)
info: Picking start, end dates. From: 1663462086 to: 1663462086, Sun Sep 18 2022 01:44:36 GMT+0300 (Eastern European Summer Time)
info: error, Sun Sep 18 2022 01:44:36 GMT+0300 (Eastern European Summer Time)
warn: Object is empty for choosen data, Sun Sep 18 2022 01:44:36 GMT+0300 (Eastern European Summer Time)
info: Picking start, end dates. From: 1663462357 to: 1663462357, Sun Sep 18 2022 01:44:36 GMT+0300 (Eastern European Summer Time)
info: Picking start, end dates. From: 1663362000 to: 1663448400, Sun Sep 18 2022 01:44:36 GMT+0300 (Eastern European Summer Time)
info: App is running on 5500, Sun Sep 18 2022 04:27:14 GMT+0300 (Eastern European Summer Time)
warn: Connected to Mongo DB, Sun Sep 18 2022 04:27:14 GMT+0300 (Eastern European Summer Time)
info: App is running on 5500, Sun Sep 18 2022 04:28:54 GMT+0300 (Eastern European Summer Time)
warn: Connected to Mongo DB, Sun Sep 18 2022 04:28:54 GMT+0300 (Eastern European Summer Time)
info: App is running on 5500, Sun Sep 18 2022 04:29:26 GMT+0300 (Eastern European Summer Time)
warn: Connected to Mongo DB, Sun Sep 18 2022 04:29:26 GMT+0300 (Eastern European Summer Time)
info: App is running on 5500, Sun Sep 18 2022 04:30:20 GMT+0300 (Eastern European Summer Time)
warn: Connected to Mongo DB, Sun Sep 18 2022 04:30:20 GMT+0300 (Eastern European Summer Time)
info: error, Sun Sep 18 2022 04:30:20 GMT+0300 (Eastern European Summer Time)
warn: Object is empty for choosen data, Sun Sep 18 2022 04:30:20 GMT+0300 (Eastern European Summer Time)
info: Picking start, end dates. From: 1663464947 to: 1663464947, Sun Sep 18 2022 04:30:20 GMT+0300 (Eastern European Summer Time)
info: error, Sun Sep 18 2022 04:30:20 GMT+0300 (Eastern European Summer Time)
info: error, Sun Sep 18 2022 04:30:20 GMT+0300 (Eastern European Summer Time)
warn: Object is empty for choosen data, Sun Sep 18 2022 04:30:20 GMT+0300 (Eastern European Summer Time)
info: error, Sun Sep 18 2022 04:30:20 GMT+0300 (Eastern European Summer Time)
warn: Object is empty for choosen data, Sun Sep 18 2022 04:30:20 GMT+0300 (Eastern European Summer Time)
info: Picking start, end dates. From: 1663467583 to: 1663467583, Sun Sep 18 2022 04:30:20 GMT+0300 (Eastern European Summer Time)
info: Picking start, end dates. From: 1661979600 to: 1663448400, Sun Sep 18 2022 04:30:20 GMT+0300 (Eastern European Summer Time)
info: Picking start, end dates. From: 1630443600 to: 1663448400, Sun Sep 18 2022 04:30:20 GMT+0300 (Eastern European Summer Time)
info: error, Sun Sep 18 2022 04:30:20 GMT+0300 (Eastern European Summer Time)
warn: Object is empty for choosen data, Sun Sep 18 2022 04:30:20 GMT+0300 (Eastern European Summer Time)
info: error, Sun Sep 18 2022 04:30:20 GMT+0300 (Eastern European Summer Time)
warn: Object is empty for choosen data, Sun Sep 18 2022 04:30:20 GMT+0300 (Eastern European Summer Time)
info: error, Sun Sep 18 2022 04:30:20 GMT+0300 (Eastern European Summer Time)
warn: Object is empty for choosen data, Sun Sep 18 2022 04:30:20 GMT+0300 (Eastern European Summer Time)
info: error, Sun Sep 18 2022 04:30:20 GMT+0300 (Eastern European Summer Time)
warn: Object is empty for choosen data, Sun Sep 18 2022 04:30:20 GMT+0300 (Eastern European Summer Time)
info: Picking start, end dates. From: 1663469307 to: 1663469307, Sun Sep 18 2022 04:30:20 GMT+0300 (Eastern European Summer Time)
info: error, Sun Sep 18 2022 04:30:20 GMT+0300 (Eastern European Summer Time)
warn: Object is empty for choosen data, Sun Sep 18 2022 04:30:20 GMT+0300 (Eastern European Summer Time)
info: Picking start, end dates. From: 1663469369 to: 1663469369, Sun Sep 18 2022 04:30:20 GMT+0300 (Eastern European Summer Time)
info: error, Sun Sep 18 2022 04:30:20 GMT+0300 (Eastern European Summer Time)
warn: Object is empty for choosen data, Sun Sep 18 2022 04:30:20 GMT+0300 (Eastern European Summer Time)
info: Picking start, end dates. From: 1663469421 to: 1663469421, Sun Sep 18 2022 04:30:20 GMT+0300 (Eastern European Summer Time)
info: error, Sun Sep 18 2022 04:30:20 GMT+0300 (Eastern European Summer Time)
warn: Object is empty for choosen data, Sun Sep 18 2022 04:30:20 GMT+0300 (Eastern European Summer Time)
info: Picking start, end dates. From: 1663469480 to: 1663469480, Sun Sep 18 2022 04:30:20 GMT+0300 (Eastern European Summer Time)
info: error, Sun Sep 18 2022 04:30:20 GMT+0300 (Eastern European Summer Time)
warn: Object is empty for choosen data, Sun Sep 18 2022 04:30:20 GMT+0300 (Eastern European Summer Time)
info: error, Sun Sep 18 2022 04:30:20 GMT+0300 (Eastern European Summer Time)
warn: Object is empty for choosen data, Sun Sep 18 2022 04:30:20 GMT+0300 (Eastern European Summer Time)
info: error, Sun Sep 18 2022 04:30:20 GMT+0300 (Eastern European Summer Time)
warn: Object is empty for choosen data, Sun Sep 18 2022 04:30:20 GMT+0300 (Eastern European Summer Time)
info: error, Sun Sep 18 2022 04:30:20 GMT+0300 (Eastern European Summer Time)
warn: Object is empty for choosen data, Sun Sep 18 2022 04:30:20 GMT+0300 (Eastern European Summer Time)
info: error, Sun Sep 18 2022 04:30:20 GMT+0300 (Eastern European Summer Time)
warn: Object is empty for choosen data, Sun Sep 18 2022 04:30:20 GMT+0300 (Eastern European Summer Time)
info: error, Sun Sep 18 2022 04:30:20 GMT+0300 (Eastern European Summer Time)
